<?xml version="1.0" encoding="UTF-8"?>
<!-- Generated by org.testng.reporters.JUnitReportReporter -->
<testsuite hostname="RISHABH-PC" name="pageClasses.createAccounttest1" tests="1" failures="0" timestamp="8 Apr 2018 17:06:21 GMT" time="26.862" errors="0">
  <testcase name="createaccount" time="26.862" classname="pageClasses.createAccounttest1"/>
</testsuite> <!-- pageClasses.createAccounttest1 -->
