<?xml version="1.0" encoding="UTF-8"?>
<!-- Generated by org.testng.reporters.JUnitReportReporter -->
<testsuite hostname="RISHABH-PC" name="Mavenproject.Mavenproject.test" tests="3" failures="0" timestamp="7 Apr 2018 09:54:14 GMT" time="0.065" errors="0">
  <testcase name="mul" time="0.055" classname="Mavenproject.Mavenproject.test"/>
  <testcase name="sum" time="0.007" classname="Mavenproject.Mavenproject.test"/>
  <testcase name="sub" time="0.003" classname="Mavenproject.Mavenproject.test"/>
</testsuite> <!-- Mavenproject.Mavenproject.test -->
