<?xml version="1.0" encoding="UTF-8"?>
<!-- Generated by org.testng.reporters.JUnitReportReporter -->
<testsuite hostname="RISHABH-PC" name="PageTest.Test001" tests="3" failures="0" timestamp="7 Apr 2018 10:18:24 GMT" time="0.070" errors="0">
  <testcase name="div" time="0.062" classname="PageTest.Test001"/>
  <testcase name="sum" time="0.005" classname="PageTest.Test001"/>
  <testcase name="mul" time="0.003" classname="PageTest.Test001"/>
</testsuite> <!-- PageTest.Test001 -->
